                                 Started job on |	Jun 09 14:21:12
                             Started mapping on |	Jun 09 14:30:52
                                    Finished on |	Jun 09 14:40:19
       Mapping speed, Million of reads per hour |	320.59

                          Number of input reads |	50492856
                      Average input read length |	76
                                    UNIQUE READS:
                   Uniquely mapped reads number |	28857888
                        Uniquely mapped reads % |	57.15%
                          Average mapped length |	75.00
                       Number of splices: Total |	5261993
            Number of splices: Annotated (sjdb) |	5241416
                       Number of splices: GT/AG |	5206805
                       Number of splices: GC/AG |	37835
                       Number of splices: AT/AC |	3663
               Number of splices: Non-canonical |	13690
                      Mismatch rate per base, % |	0.32%
                         Deletion rate per base |	0.01%
                        Deletion average length |	1.19
                        Insertion rate per base |	0.01%
                       Insertion average length |	1.02
                             MULTI-MAPPING READS:
        Number of reads mapped to multiple loci |	0
             % of reads mapped to multiple loci |	0.00%
        Number of reads mapped to too many loci |	18108099
             % of reads mapped to too many loci |	35.86%
                                  UNMAPPED READS:
       % of reads unmapped: too many mismatches |	0.00%
                 % of reads unmapped: too short |	6.84%
                     % of reads unmapped: other |	0.15%
                                  CHIMERIC READS:
                       Number of chimeric reads |	0
                            % of chimeric reads |	0.00%
