                                 Started job on |	Jun 09 14:21:12
                             Started mapping on |	Jun 09 14:28:54
                                    Finished on |	Jun 09 14:36:09
       Mapping speed, Million of reads per hour |	324.78

                          Number of input reads |	39244308
                      Average input read length |	76
                                    UNIQUE READS:
                   Uniquely mapped reads number |	22341583
                        Uniquely mapped reads % |	56.93%
                          Average mapped length |	75.22
                       Number of splices: Total |	4376021
            Number of splices: Annotated (sjdb) |	4363107
                       Number of splices: GT/AG |	4332767
                       Number of splices: GC/AG |	29837
                       Number of splices: AT/AC |	3852
               Number of splices: Non-canonical |	9565
                      Mismatch rate per base, % |	0.30%
                         Deletion rate per base |	0.01%
                        Deletion average length |	1.17
                        Insertion rate per base |	0.01%
                       Insertion average length |	1.02
                             MULTI-MAPPING READS:
        Number of reads mapped to multiple loci |	0
             % of reads mapped to multiple loci |	0.00%
        Number of reads mapped to too many loci |	14317775
             % of reads mapped to too many loci |	36.48%
                                  UNMAPPED READS:
       % of reads unmapped: too many mismatches |	0.00%
                 % of reads unmapped: too short |	6.50%
                     % of reads unmapped: other |	0.08%
                                  CHIMERIC READS:
                       Number of chimeric reads |	0
                            % of chimeric reads |	0.00%
