                                 Started job on |	Jun 08 19:24:25
                             Started mapping on |	Jun 08 19:55:46
                                    Finished on |	Jun 08 20:27:08
       Mapping speed, Million of reads per hour |	89.57

                          Number of input reads |	46826803
                      Average input read length |	76
                                    UNIQUE READS:
                   Uniquely mapped reads number |	31514932
                        Uniquely mapped reads % |	67.30%
                          Average mapped length |	75.24
                       Number of splices: Total |	6674780
            Number of splices: Annotated (sjdb) |	6656579
                       Number of splices: GT/AG |	6605290
                       Number of splices: GC/AG |	50418
                       Number of splices: AT/AC |	5823
               Number of splices: Non-canonical |	13249
                      Mismatch rate per base, % |	0.29%
                         Deletion rate per base |	0.01%
                        Deletion average length |	1.17
                        Insertion rate per base |	0.02%
                       Insertion average length |	1.03
                             MULTI-MAPPING READS:
        Number of reads mapped to multiple loci |	0
             % of reads mapped to multiple loci |	0.00%
        Number of reads mapped to too many loci |	12352432
             % of reads mapped to too many loci |	26.38%
                                  UNMAPPED READS:
       % of reads unmapped: too many mismatches |	0.00%
                 % of reads unmapped: too short |	6.22%
                     % of reads unmapped: other |	0.10%
                                  CHIMERIC READS:
                       Number of chimeric reads |	0
                            % of chimeric reads |	0.00%
