                                 Started job on |	Jun 09 14:17:52
                             Started mapping on |	Jun 09 14:25:55
                                    Finished on |	Jun 09 14:31:08
       Mapping speed, Million of reads per hour |	321.75

                          Number of input reads |	27974430
                      Average input read length |	76
                                    UNIQUE READS:
                   Uniquely mapped reads number |	16632640
                        Uniquely mapped reads % |	59.46%
                          Average mapped length |	75.21
                       Number of splices: Total |	2776817
            Number of splices: Annotated (sjdb) |	2764877
                       Number of splices: GT/AG |	2726031
                       Number of splices: GC/AG |	40328
                       Number of splices: AT/AC |	2040
               Number of splices: Non-canonical |	8418
                      Mismatch rate per base, % |	0.28%
                         Deletion rate per base |	0.01%
                        Deletion average length |	1.17
                        Insertion rate per base |	0.02%
                       Insertion average length |	1.03
                             MULTI-MAPPING READS:
        Number of reads mapped to multiple loci |	0
             % of reads mapped to multiple loci |	0.00%
        Number of reads mapped to too many loci |	9188495
             % of reads mapped to too many loci |	32.85%
                                  UNMAPPED READS:
       % of reads unmapped: too many mismatches |	0.00%
                 % of reads unmapped: too short |	7.58%
                     % of reads unmapped: other |	0.12%
                                  CHIMERIC READS:
                       Number of chimeric reads |	0
                            % of chimeric reads |	0.00%
