                                 Started job on |	Jun 08 19:24:24
                             Started mapping on |	Jun 08 19:53:25
                                    Finished on |	Jun 08 20:22:44
       Mapping speed, Million of reads per hour |	91.86

                          Number of input reads |	44885042
                      Average input read length |	76
                                    UNIQUE READS:
                   Uniquely mapped reads number |	33199782
                        Uniquely mapped reads % |	73.97%
                          Average mapped length |	75.27
                       Number of splices: Total |	7523406
            Number of splices: Annotated (sjdb) |	7500557
                       Number of splices: GT/AG |	7431513
                       Number of splices: GC/AG |	68182
                       Number of splices: AT/AC |	6551
               Number of splices: Non-canonical |	17160
                      Mismatch rate per base, % |	0.23%
                         Deletion rate per base |	0.01%
                        Deletion average length |	1.15
                        Insertion rate per base |	0.02%
                       Insertion average length |	1.03
                             MULTI-MAPPING READS:
        Number of reads mapped to multiple loci |	0
             % of reads mapped to multiple loci |	0.00%
        Number of reads mapped to too many loci |	9553883
             % of reads mapped to too many loci |	21.29%
                                  UNMAPPED READS:
       % of reads unmapped: too many mismatches |	0.00%
                 % of reads unmapped: too short |	4.62%
                     % of reads unmapped: other |	0.13%
                                  CHIMERIC READS:
                       Number of chimeric reads |	0
                            % of chimeric reads |	0.00%
