                                 Started job on |	Jun 08 19:25:34
                             Started mapping on |	Jun 08 19:48:19
                                    Finished on |	Jun 08 20:11:33
       Mapping speed, Million of reads per hour |	93.75

                          Number of input reads |	36302271
                      Average input read length |	76
                                    UNIQUE READS:
                   Uniquely mapped reads number |	26796253
                        Uniquely mapped reads % |	73.81%
                          Average mapped length |	75.26
                       Number of splices: Total |	6656713
            Number of splices: Annotated (sjdb) |	6639081
                       Number of splices: GT/AG |	6592612
                       Number of splices: GC/AG |	44544
                       Number of splices: AT/AC |	6626
               Number of splices: Non-canonical |	12931
                      Mismatch rate per base, % |	0.22%
                         Deletion rate per base |	0.01%
                        Deletion average length |	1.15
                        Insertion rate per base |	0.02%
                       Insertion average length |	1.03
                             MULTI-MAPPING READS:
        Number of reads mapped to multiple loci |	0
             % of reads mapped to multiple loci |	0.00%
        Number of reads mapped to too many loci |	7825711
             % of reads mapped to too many loci |	21.56%
                                  UNMAPPED READS:
       % of reads unmapped: too many mismatches |	0.00%
                 % of reads unmapped: too short |	4.52%
                     % of reads unmapped: other |	0.11%
                                  CHIMERIC READS:
                       Number of chimeric reads |	0
                            % of chimeric reads |	0.00%
