                                 Started job on |	Jun 08 19:25:34
                             Started mapping on |	Jun 08 19:55:31
                                    Finished on |	Jun 08 20:25:22
       Mapping speed, Million of reads per hour |	86.82

                          Number of input reads |	43193660
                      Average input read length |	76
                                    UNIQUE READS:
                   Uniquely mapped reads number |	26132967
                        Uniquely mapped reads % |	60.50%
                          Average mapped length |	75.18
                       Number of splices: Total |	4694949
            Number of splices: Annotated (sjdb) |	4678573
                       Number of splices: GT/AG |	4581391
                       Number of splices: GC/AG |	97610
                       Number of splices: AT/AC |	4057
               Number of splices: Non-canonical |	11891
                      Mismatch rate per base, % |	0.30%
                         Deletion rate per base |	0.01%
                        Deletion average length |	1.17
                        Insertion rate per base |	0.02%
                       Insertion average length |	1.03
                             MULTI-MAPPING READS:
        Number of reads mapped to multiple loci |	0
             % of reads mapped to multiple loci |	0.00%
        Number of reads mapped to too many loci |	14158740
             % of reads mapped to too many loci |	32.78%
                                  UNMAPPED READS:
       % of reads unmapped: too many mismatches |	0.00%
                 % of reads unmapped: too short |	6.61%
                     % of reads unmapped: other |	0.11%
                                  CHIMERIC READS:
                       Number of chimeric reads |	0
                            % of chimeric reads |	0.00%
