                                 Started job on |	Jun 09 14:17:52
                             Started mapping on |	Jun 09 14:26:53
                                    Finished on |	Jun 09 14:33:29
       Mapping speed, Million of reads per hour |	317.09

                          Number of input reads |	34880250
                      Average input read length |	76
                                    UNIQUE READS:
                   Uniquely mapped reads number |	19875141
                        Uniquely mapped reads % |	56.98%
                          Average mapped length |	75.21
                       Number of splices: Total |	2901068
            Number of splices: Annotated (sjdb) |	2886819
                       Number of splices: GT/AG |	2860042
                       Number of splices: GC/AG |	28517
                       Number of splices: AT/AC |	2230
               Number of splices: Non-canonical |	10279
                      Mismatch rate per base, % |	0.29%
                         Deletion rate per base |	0.01%
                        Deletion average length |	1.19
                        Insertion rate per base |	0.02%
                       Insertion average length |	1.03
                             MULTI-MAPPING READS:
        Number of reads mapped to multiple loci |	0
             % of reads mapped to multiple loci |	0.00%
        Number of reads mapped to too many loci |	12314543
             % of reads mapped to too many loci |	35.31%
                                  UNMAPPED READS:
       % of reads unmapped: too many mismatches |	0.00%
                 % of reads unmapped: too short |	7.59%
                     % of reads unmapped: other |	0.12%
                                  CHIMERIC READS:
                       Number of chimeric reads |	0
                            % of chimeric reads |	0.00%
