                                 Started job on |	Jun 08 19:24:24
                             Started mapping on |	Jun 08 19:58:18
                                    Finished on |	Jun 08 20:35:16
       Mapping speed, Million of reads per hour |	84.47

                          Number of input reads |	52040335
                      Average input read length |	76
                                    UNIQUE READS:
                   Uniquely mapped reads number |	39344392
                        Uniquely mapped reads % |	75.60%
                          Average mapped length |	75.28
                       Number of splices: Total |	10481912
            Number of splices: Annotated (sjdb) |	10459713
                       Number of splices: GT/AG |	10385170
                       Number of splices: GC/AG |	70803
                       Number of splices: AT/AC |	9437
               Number of splices: Non-canonical |	16502
                      Mismatch rate per base, % |	0.28%
                         Deletion rate per base |	0.01%
                        Deletion average length |	1.16
                        Insertion rate per base |	0.02%
                       Insertion average length |	1.03
                             MULTI-MAPPING READS:
        Number of reads mapped to multiple loci |	0
             % of reads mapped to multiple loci |	0.00%
        Number of reads mapped to too many loci |	9884360
             % of reads mapped to too many loci |	18.99%
                                  UNMAPPED READS:
       % of reads unmapped: too many mismatches |	0.00%
                 % of reads unmapped: too short |	5.32%
                     % of reads unmapped: other |	0.08%
                                  CHIMERIC READS:
                       Number of chimeric reads |	0
                            % of chimeric reads |	0.00%
