                                 Started job on |	Jun 08 19:26:46
                             Started mapping on |	Jun 08 20:04:30
                                    Finished on |	Jun 08 20:44:40
       Mapping speed, Million of reads per hour |	79.72

                          Number of input reads |	53368160
                      Average input read length |	76
                                    UNIQUE READS:
                   Uniquely mapped reads number |	30097231
                        Uniquely mapped reads % |	56.40%
                          Average mapped length |	74.93
                       Number of splices: Total |	5550178
            Number of splices: Annotated (sjdb) |	5530539
                       Number of splices: GT/AG |	5469981
                       Number of splices: GC/AG |	63200
                       Number of splices: AT/AC |	3727
               Number of splices: Non-canonical |	13270
                      Mismatch rate per base, % |	0.31%
                         Deletion rate per base |	0.01%
                        Deletion average length |	1.18
                        Insertion rate per base |	0.01%
                       Insertion average length |	1.02
                             MULTI-MAPPING READS:
        Number of reads mapped to multiple loci |	0
             % of reads mapped to multiple loci |	0.00%
        Number of reads mapped to too many loci |	20731635
             % of reads mapped to too many loci |	38.85%
                                  UNMAPPED READS:
       % of reads unmapped: too many mismatches |	0.00%
                 % of reads unmapped: too short |	4.64%
                     % of reads unmapped: other |	0.12%
                                  CHIMERIC READS:
                       Number of chimeric reads |	0
                            % of chimeric reads |	0.00%
